<?xml version="1.0" encoding="UTF-8"?>
<!-- Generated by org.testng.reporters.JUnitReportReporter -->
<testsuite hostname="DESKTOP-UD0VP2U" failures="0" tests="1" name="Infosys.SeleniumFrameworkUdemy.AppTest" time="0.013" errors="0" timestamp="2024-10-29T13:20:56 IST" skipped="0">
  <testcase classname="Infosys.SeleniumFrameworkUdemy.AppTest" name="shouldAnswerWithTrue" time="0.013"/>
</testsuite> <!-- Infosys.SeleniumFrameworkUdemy.AppTest -->
