<?xml version="1.0" encoding="UTF-8"?>
<!-- Generated by org.testng.reporters.JUnitReportReporter -->
<testsuite hostname="DESKTOP-UD0VP2U" failures="0" tests="1" name="SeleniumFrameworkUdemy.tes.T" time="0.006" errors="0" timestamp="2024-11-25T19:16:05 IST" skipped="0">
  <testcase classname="SeleniumFrameworkUdemy.tes.T" name="testRun" time="0.006"/>
  <system-out/>
</testsuite> <!-- SeleniumFrameworkUdemy.tes.T -->
