<?xml version="1.0" encoding="UTF-8"?>
<!-- Generated by org.testng.reporters.JUnitReportReporter -->
<testsuite hostname="DESKTOP-UD0VP2U" failures="0" tests="1" name="DataDrivenTesting.dataDriven" time="0.999" errors="0" timestamp="2024-11-16T20:01:10 IST" skipped="0">
  <testcase classname="DataDrivenTesting.dataDriven" name="ddt" time="0.999"/>
</testsuite> <!-- DataDrivenTesting.dataDriven -->
